<?xml version="1.0" encoding="UTF-8"?>
<!-- Generated by org.testng.reporters.JUnitReportReporter -->
<testsuite hostname="DESKTOP-PFL7NA3" failures="0" tests="4" name="com.levis.qa.testcases.HomePageTest" time="34.056" errors="0" timestamp="12 Mar 2021 19:04:42 GMT" skipped="0">
  <testcase classname="com.levis.qa.testcases.HomePageTest" name="MensCatalogLinkTest" time="7.954"/>
  <testcase classname="com.levis.qa.testcases.HomePageTest" name="WomensCatalogLinkTest" time="8.819"/>
  <testcase classname="com.levis.qa.testcases.HomePageTest" name="KidsCatalogLinkTest" time="8.165"/>
  <testcase classname="com.levis.qa.testcases.HomePageTest" name="KidsCatalogTitleTest" time="9.118"/>
</testsuite> <!-- com.levis.qa.testcases.HomePageTest -->
