<?xml version="1.0" encoding="UTF-8"?>
<!-- Generated by org.testng.reporters.JUnitReportReporter -->
<testsuite hostname="DESKTOP-PFL7NA3" failures="0" tests="2" name="ar.com.levis.testcases.CosoTest" time="0.014" errors="0" timestamp="19 Mar 2021 22:18:45 GMT" skipped="0">
  <testcase classname="ar.com.levis.testcases.CosoTest" name="loginTest" time="0.013"/>
  <testcase classname="ar.com.levis.testcases.CosoTest" name="logi2nTest" time="0.001"/>
</testsuite> <!-- ar.com.levis.testcases.CosoTest -->
