<?xml version="1.0" encoding="UTF-8"?>
<!-- Generated by org.testng.reporters.JUnitReportReporter -->
<testsuite hostname="DESKTOP-PFL7NA3" failures="0" tests="3" name="LoginPageTest" time="24.959" errors="0" timestamp="19 Mar 2021 22:02:15 GMT" skipped="0">
  <testcase classname="LoginPageTest" name="loginPageTitleTest" time="7.912"/>
  <testcase classname="LoginPageTest" name="levisLogoTest" time="6.898"/>
  <testcase classname="LoginPageTest" name="loginTest" time="10.149"/>
</testsuite> <!-- LoginPageTest -->
