<?xml version="1.0" encoding="UTF-8"?>
<!-- Generated by org.testng.reporters.JUnitReportReporter -->
<testsuite hostname="DESKTOP-PFL7NA3" failures="0" tests="3" name="com.levis.qa.testcases.LoginPageTest" time="23.874" errors="0" timestamp="17 Mar 2021 18:02:16 GMT" skipped="0">
  <testcase classname="com.levis.qa.testcases.LoginPageTest" name="loginPageTitleTest" time="7.302"/>
  <testcase classname="com.levis.qa.testcases.LoginPageTest" name="levisLogoTest" time="7.347"/>
  <testcase classname="com.levis.qa.testcases.LoginPageTest" name="loginTest" time="9.225"/>
</testsuite> <!-- com.levis.qa.testcases.LoginPageTest -->
