<?xml version="1.0" encoding="UTF-8"?>
<!-- Generated by org.testng.reporters.JUnitReportReporter -->
<testsuite hostname="DESKTOP-PFL7NA3" failures="0" tests="3" name="ar.com.levis.testcases.LoginPageTest" time="27.636" errors="0" timestamp="18 Mar 2021 19:51:00 GMT" skipped="0">
  <testcase classname="ar.com.levis.testcases.LoginPageTest" name="loginPageTitleTest" time="7.276"/>
  <testcase classname="ar.com.levis.testcases.LoginPageTest" name="levisLogoTest" time="8.454"/>
  <testcase classname="ar.com.levis.testcases.LoginPageTest" name="loginTest" time="11.906"/>
</testsuite> <!-- ar.com.levis.testcases.LoginPageTest -->
