<?xml version="1.0" encoding="UTF-8"?>
<!-- Generated by org.testng.reporters.JUnitReportReporter -->
<testsuite skipped="0" hostname="DESKTOP-PFL7NA3" name="com.levis.qa.testcases.LoginPageTest" tests="3" failures="0" timestamp="12 mar 2021 12:50:35 GMT" time="36.190" errors="0">
  <testcase name="loginPageTitleTest" time="10.509" classname="com.levis.qa.testcases.LoginPageTest"/>
  <testcase name="levisLogoTest" time="13.140" classname="com.levis.qa.testcases.LoginPageTest"/>
  <testcase name="loginTest" time="12.541" classname="com.levis.qa.testcases.LoginPageTest"/>
</testsuite> <!-- com.levis.qa.testcases.LoginPageTest -->
