<?xml version="1.0" encoding="UTF-8"?>
<!-- Generated by org.testng.reporters.JUnitReportReporter -->
<testsuite skipped="0" hostname="DESKTOP-PFL7NA3" name="com.levis.qa.testcases.HomePageTest" tests="4" failures="0" timestamp="12 mar 2021 12:50:35 GMT" time="35.040" errors="0">
  <testcase name="MensCatalogLinkTest" time="9.113" classname="com.levis.qa.testcases.HomePageTest"/>
  <testcase name="WomensCatalogLinkTest" time="8.310" classname="com.levis.qa.testcases.HomePageTest"/>
  <testcase name="KidsCatalogLinkTest" time="8.088" classname="com.levis.qa.testcases.HomePageTest"/>
  <testcase name="KidsCatalogTitleTest" time="9.529" classname="com.levis.qa.testcases.HomePageTest"/>
</testsuite> <!-- com.levis.qa.testcases.HomePageTest -->
